<?xml version="1.0" encoding="UTF-8"?>
<testsuite xmlns:xsi="http://www.w3.org/2001/XMLSchema-instance" xsi:noNamespaceSchemaLocation="https://maven.apache.org/surefire/maven-surefire-plugin/xsd/surefire-test-report-3.0.xsd" version="3.0" name="com.equipo.validador.AppTest" time="0.251" tests="4" errors="0" skipped="0" failures="0">
  <properties>
[...]
</properties>
  <testcase name="testMainConUsuarioAdmin" classname="com.equipo.validador.AppTest" time="0.097">
    <system-err><![CDATA[jun. 27, 2025 2:17:44 A. M. com.equipo.validador.AppTest testMainConUsuarioAdmin
INFORMACIÓN: ¡Bienvenido administrador!
]]></system-err>
  </testcase>
  <testcase name="testMainConVariableEntornoNull" classname="com.equipo.validador.AppTest" time="0.001">
    <system-err><![CDATA[jun. 27, 2025 2:17:44 A. M. com.equipo.validador.AppTest testMainConVariableEntornoNull
ADVERTENCIA: Usuario no autorizado o variable de entorno no definida
]]></system-err>
  </testcase>
  <testcase name="testMainConUsuarioNoAdmin" classname="com.equipo.validador.AppTest" time="0.001">
    <system-err><![CDATA[jun. 27, 2025 2:17:44 A. M. com.equipo.validador.AppTest testMainConUsuarioNoAdmin
ADVERTENCIA: Usuario no autorizado o variable de entorno no definida
]]></system-err>
  </testcase>
  <testcase name="testLoggerInicializacion" classname="com.equipo.validador.AppTest" time="0.0"/>
</testsuite>